TN:
SF:/mnt/d/Workspace/cryptochain/block.js
FN:5,(anonymous_0)
FN:11,(anonymous_1)
FN:14,(anonymous_2)
FNF:3
FNH:3
FNDA:4,(anonymous_0)
FNDA:2,(anonymous_1)
FNDA:1,(anonymous_2)
DA:1,1
DA:2,1
DA:6,4
DA:7,4
DA:8,4
DA:9,4
DA:12,2
DA:15,1
DA:16,1
DA:17,1
DA:18,1
DA:21,1
LF:12
LH:12
BRF:0
BRH:0
end_of_record
TN:
SF:/mnt/d/Workspace/cryptochain/config.js
FNF:0
FNH:0
DA:1,1
DA:8,1
LF:2
LH:2
BRF:0
BRH:0
end_of_record
TN:
SF:/mnt/d/Workspace/cryptochain/crypto-hash.js
FN:3,(anonymous_0)
FNF:1
FNH:1
FNDA:5,(anonymous_0)
DA:1,2
DA:3,2
DA:4,5
DA:5,5
DA:8,5
DA:11,2
LF:6
LH:6
BRF:0
BRH:0
end_of_record
